<?xml version="1.0" encoding="UTF-8"?>
<!-- Generated by org.testng.reporters.JUnitReportReporter -->
<testsuite hostname="DESKTOP-64BULFN" failures="0" tests="4" name="testData.LoginPageTest" time="37.373" errors="0" timestamp="2023-10-26T17:16:10 IST" skipped="0">
  <testcase classname="testData.LoginPageTest" name="performLogin" time="10.998"/>
  <system-out/>
  <testcase classname="testData.LoginPageTest" name="verifyHomePage" time="6.661"/>
  <system-out/>
  <testcase classname="testData.LoginPageTest" name="verifySeviceListPage" time="6.557"/>
  <system-out/>
  <testcase classname="testData.LoginPageTest" name="verifyDateAndTimePage" time="13.157"/>
  <system-out/>
</testsuite> <!-- testData.LoginPageTest -->
